[22:02:09] ==============================================================
[22:02:09] = Mafia2-Online - DEBUG MODE v0.1-rc1 [Windows]
[22:02:09] ==============================================================
[22:02:09] = Server name    : Default Mafia2-Online - DEBUG MODE 0.1-rc1 Server
[22:02:09] = Server port    : 27015
[22:02:09] = Max players    : 1000

[22:02:09] = Log file       : logs/August 2016/m2online-server-24-8-2016.log
[22:02:09] ==============================================================

[22:02:09] Successfully loaded 0 resources. (0 failed)

[22:02:34] ==============================================================
[22:02:34] = Mafia2-Online - DEBUG MODE v0.1-rc1 [Windows]
[22:02:35] ==============================================================
[22:02:35] = Server name    : Default Mafia2-Online - DEBUG MODE 0.1-rc1 Server
[22:02:35] = Server port    : 27015
[22:02:35] = Max players    : 1000

[22:02:35] = Log file       : logs/August 2016/m2online-server-24-8-2016.log
[22:02:35] ==============================================================

[22:02:35] Successfully loaded 0 resources. (0 failed)

[22:02:47] ==============================================================
[22:02:47] = Mafia2-Online - DEBUG MODE v0.1-rc1 [Windows]
[22:02:47] ==============================================================
[22:02:47] = Server name    : Default Mafia2-Online - DEBUG MODE 0.1-rc1 Server
[22:02:47] = Server port    : 27015
[22:02:47] = Max players    : 1000

[22:02:47] = Log file       : logs/August 2016/m2online-server-24-8-2016.log
[22:02:47] ==============================================================

[22:02:48] Successfully loaded 0 resources. (0 failed)

[22:03:08] ==============================================================
[22:03:08] = Mafia2-Online - DEBUG MODE v0.1-rc1 [Windows]
[22:03:08] ==============================================================
[22:03:08] = Server name    : Default Mafia2-Online - DEBUG MODE 0.1-rc1 Server
[22:03:08] = Server port    : 27015
[22:03:08] = Max players    : 1000

[22:03:08] = Log file       : logs/August 2016/m2online-server-24-8-2016.log
[22:03:08] ==============================================================

[22:03:08] Successfully loaded 0 resources. (0 failed)

[22:09:04] ==============================================================
[22:09:04] = Mafia2-Online - DEBUG MODE v0.1-rc1 [Windows]
[22:09:04] ==============================================================
[22:09:04] = Server name    : Default Mafia2-Online - DEBUG MODE 0.1-rc1 Server
[22:09:04] = Server port    : 27015
[22:09:04] = Max players    : 1000

[22:09:04] = Log file       : logs/August 2016/m2online-server-24-8-2016.log
[22:09:04] ==============================================================

[22:09:04] Successfully loaded 0 resources. (0 failed)

